# JRE version: Java(TM) SE Runtime Environment (8.0-b132) (build 1.8.0-b132)
# Java VM: Java HotSpot(TM) 64-Bit Server VM (25.0-b70 mixed mode bsd-amd64 compressed oops)
Heap:
 PSYoungGen      total 10752K, used 9810K [0x0000000140100000, 0x0000000142c00000, 0x0000000155600000)
  eden space 10240K, 94% used [0x0000000140100000,0x0000000140a74ae8,0x0000000140b00000)
  from space 512K, 25% used [0x0000000142b00000,0x0000000142b20000,0x0000000142b80000)
  to   space 512K, 0% used [0x0000000142b80000,0x0000000142b80000,0x0000000142c00000)
 ParOldGen       total 10240K, used 8584K [0x0000000115600000, 0x0000000116000000, 0x0000000140100000)
  object space 10240K, 83% used [0x0000000115600000,0x0000000115e62378,0x0000000116000000)
 Metaspace       used 19353K, capacity 23351K, committed 23552K, reserved 1067008K
  class space    used 4147K, capacity 5277K, committed 5376K, reserved 1048576K
GC Heap History (10 events):
Event: 14602.635 GC heap before
{Heap before GC invocations=214 (full 1):
 PSYoungGen      total 10752K, used 10336K [0x0000000140100000, 0x0000000142c00000, 0x0000000155600000)
  eden space 10240K, 100% used [0x0000000140100000,0x0000000140b00000,0x0000000140b00000)
  from space 512K, 18% used [0x0000000142b80000,0x0000000142b98000,0x0000000142c00000)
  to   space 512K, 0% used [0x0000000142b00000,0x0000000142b00000,0x0000000142b80000)
 ParOldGen       total 10240K, used 8584K [0x0000000115600000, 0x0000000116000000, 0x0000000140100000)
  object space 10240K, 83% used [0x0000000115600000,0x0000000115e62378,0x0000000116000000)
 Metaspace       used 19353K, capacity 23351K, committed 23552K, reserved 1067008K
  class space    used 4147K, capacity 5277K, committed 5376K, reserved 1048576K
Event: 14602.636 GC heap after
Heap after GC invocations=214 (full 1):
 PSYoungGen      total 10752K, used 96K [0x0000000140100000, 0x0000000142c00000, 0x0000000155600000)
  eden space 10240K, 0% used [0x0000000140100000,0x0000000140100000,0x0000000140b00000)
  from space 512K, 18% used [0x0000000142b00000,0x0000000142b18000,0x0000000142b80000)
  to   space 512K, 0% used [0x0000000142b80000,0x0000000142b80000,0x0000000142c00000)
 ParOldGen       total 10240K, used 8584K [0x0000000115600000, 0x0000000116000000, 0x0000000140100000)
  object space 10240K, 83% used [0x0000000115600000,0x0000000115e62378,0x0000000116000000)
 Metaspace       used 19353K, capacity 23351K, committed 23552K, reserved 1067008K
  class space    used 4147K, capacity 5277K, committed 5376K, reserved 1048576K
}
Event: 14661.335 GC heap before
{Heap before GC invocations=215 (full 1):
 PSYoungGen      total 10752K, used 10336K [0x0000000140100000, 0x0000000142c00000, 0x0000000155600000)
  eden space 10240K, 100% used [0x0000000140100000,0x0000000140b00000,0x0000000140b00000)
  from space 512K, 18% used [0x0000000142b00000,0x0000000142b18000,0x0000000142b80000)
  to   space 512K, 0% used [0x0000000142b80000,0x0000000142b80000,0x0000000142c00000)
 ParOldGen       total 10240K, used 8584K [0x0000000115600000, 0x0000000116000000, 0x0000000140100000)
  object space 10240K, 83% used [0x0000000115600000,0x0000000115e62378,0x0000000116000000)
 Metaspace       used 19353K, capacity 23351K, committed 23552K, reserved 1067008K
  class space    used 4147K, capacity 5277K, committed 5376K, reserved 1048576K
Event: 14661.337 GC heap after
Heap after GC invocations=215 (full 1):
 PSYoungGen      total 10752K, used 128K [0x0000000140100000, 0x0000000142c00000, 0x0000000155600000)
  eden space 10240K, 0% used [0x0000000140100000,0x0000000140100000,0x0000000140b00000)
  from space 512K, 25% used [0x0000000142b80000,0x0000000142ba0000,0x0000000142c00000)
  to   space 512K, 0% used [0x0000000142b00000,0x0000000142b00000,0x0000000142b80000)
 ParOldGen       total 10240K, used 8584K [0x0000000115600000, 0x0000000116000000, 0x0000000140100000)
  object space 10240K, 83% used [0x0000000115600000,0x0000000115e62378,0x0000000116000000)
 Metaspace       used 19353K, capacity 23351K, committed 23552K, reserved 1067008K
  class space    used 4147K, capacity 5277K, committed 5376K, reserved 1048576K
}
Event: 14720.038 GC heap before
{Heap before GC invocations=216 (full 1):
 PSYoungGen      total 10752K, used 10368K [0x0000000140100000, 0x0000000142c00000, 0x0000000155600000)
  eden space 10240K, 100% used [0x0000000140100000,0x0000000140b00000,0x0000000140b00000)
  from space 512K, 25% used [0x0000000142b80000,0x0000000142ba0000,0x0000000142c00000)
  to   space 512K, 0% used [0x0000000142b00000,0x0000000142b00000,0x0000000142b80000)
 ParOldGen       total 10240K, used 8584K [0x0000000115600000, 0x0000000116000000, 0x0000000140100000)
  object space 10240K, 83% used [0x0000000115600000,0x0000000115e62378,0x0000000116000000)
 Metaspace       used 19353K, capacity 23351K, committed 23552K, reserved 1067008K
  class space    used 4147K, capacity 5277K, committed 5376K, reserved 1048576K
Event: 14720.040 GC heap after
Heap after GC invocations=216 (full 1):
 PSYoungGen      total 10752K, used 128K [0x0000000140100000, 0x0000000142c00000, 0x0000000155600000)
  eden space 10240K, 0% used [0x0000000140100000,0x0000000140100000,0x0000000140b00000)
  from space 512K, 25% used [0x0000000142b00000,0x0000000142b20000,0x0000000142b80000)
  to   space 512K, 0% used [0x0000000142b80000,0x0000000142b80000,0x0000000142c00000)
 ParOldGen       total 10240K, used 8584K [0x0000000115600000, 0x0000000116000000, 0x0000000140100000)
  object space 10240K, 83% used [0x0000000115600000,0x0000000115e62378,0x0000000116000000)
 Metaspace       used 19353K, capacity 23351K, committed 23552K, reserved 1067008K
  class space    used 4147K, capacity 5277K, committed 5376K, reserved 1048576K
}
Event: 14778.731 GC heap before
{Heap before GC invocations=217 (full 1):
 PSYoungGen      total 10752K, used 10368K [0x0000000140100000, 0x0000000142c00000, 0x0000000155600000)
  eden space 10240K, 100% used [0x0000000140100000,0x0000000140b00000,0x0000000140b00000)
  from space 512K, 25% used [0x0000000142b00000,0x0000000142b20000,0x0000000142b80000)
  to   space 512K, 0% used [0x0000000142b80000,0x0000000142b80000,0x0000000142c00000)
 ParOldGen       total 10240K, used 8584K [0x0000000115600000, 0x0000000116000000, 0x0000000140100000)
  object space 10240K, 83% used [0x0000000115600000,0x0000000115e62378,0x0000000116000000)
 Metaspace       used 19353K, capacity 23351K, committed 23552K, reserved 1067008K
  class space    used 4147K, capacity 5277K, committed 5376K, reserved 1048576K
Event: 14778.735 GC heap after
Heap after GC invocations=217 (full 1):
 PSYoungGen      total 10752K, used 96K [0x0000000140100000, 0x0000000142c00000, 0x0000000155600000)
  eden space 10240K, 0% used [0x0000000140100000,0x0000000140100000,0x0000000140b00000)
  from space 512K, 18% used [0x0000000142b80000,0x0000000142b98000,0x0000000142c00000)
  to   space 512K, 0% used [0x0000000142b00000,0x0000000142b00000,0x0000000142b80000)
 ParOldGen       total 10240K, used 8584K [0x0000000115600000, 0x0000000116000000, 0x0000000140100000)
  object space 10240K, 83% used [0x0000000115600000,0x0000000115e62378,0x0000000116000000)
 Metaspace       used 19353K, capacity 23351K, committed 23552K, reserved 1067008K
  class space    used 4147K, capacity 5277K, committed 5376K, reserved 1048576K
}
Event: 14836.927 GC heap before
{Heap before GC invocations=218 (full 1):
 PSYoungGen      total 10752K, used 10336K [0x0000000140100000, 0x0000000142c00000, 0x0000000155600000)
  eden space 10240K, 100% used [0x0000000140100000,0x0000000140b00000,0x0000000140b00000)
  from space 512K, 18% used [0x0000000142b80000,0x0000000142b98000,0x0000000142c00000)
  to   space 512K, 0% used [0x0000000142b00000,0x0000000142b00000,0x0000000142b80000)
 ParOldGen       total 10240K, used 8584K [0x0000000115600000, 0x0000000116000000, 0x0000000140100000)
  object space 10240K, 83% used [0x0000000115600000,0x0000000115e62378,0x0000000116000000)
 Metaspace       used 19353K, capacity 23351K, committed 23552K, reserved 1067008K
  class space    used 4147K, capacity 5277K, committed 5376K, reserved 1048576K
Event: 14836.933 GC heap after
Heap after GC invocations=218 (full 1):
 PSYoungGen      total 10752K, used 128K [0x0000000140100000, 0x0000000142c00000, 0x0000000155600000)
  eden space 10240K, 0% used [0x0000000140100000,0x0000000140100000,0x0000000140b00000)
  from space 512K, 25% used [0x0000000142b00000,0x0000000142b20000,0x0000000142b80000)
  to   space 512K, 0% used [0x0000000142b80000,0x0000000142b80000,0x0000000142c00000)
 ParOldGen       total 10240K, used 8584K [0x0000000115600000, 0x0000000116000000, 0x0000000140100000)
  object space 10240K, 83% used [0x0000000115600000,0x0000000115e62378,0x0000000116000000)
 Metaspace       used 19353K, capacity 23351K, committed 23552K, reserved 1067008K
  class space    used 4147K, capacity 5277K, committed 5376K, reserved 1048576K
}

